This file contains any messages produced by compilers while
running configure, to aid debugging if configure makes a mistake.

It was created by FULL-PACKAGE-NAME preflight VERSION, which was
generated by GNU Autoconf 2.68.  Invocation command line was

  $ ./preflight -q

## --------- ##
## Platform. ##
## --------- ##

hostname = factory.local
uname -m = x86_64
uname -r = 11.4.0
uname -s = Darwin
uname -v = Darwin Kernel Version 11.4.0: Mon Apr  9 19:32:15 PDT 2012; root:xnu-1699.26.8~1/RELEASE_X86_64

/usr/bin/uname -p = i386
/bin/uname -X     = unknown

/bin/arch              = unknown
/usr/bin/arch -k       = unknown
/usr/convex/getsysinfo = unknown
/usr/bin/hostinfo      = Mach kernel version:
	 Darwin Kernel Version 11.4.0: Mon Apr  9 19:32:15 PDT 2012; root:xnu-1699.26.8~1/RELEASE_X86_64
Kernel configured for a single processor only.
1 processor is physically available.
1 processor is logically available.
Processor type: i486 (Intel 80486)
Processor active: 0
Primary memory available: 2.00 gigabytes
Default processor set: 70 tasks, 293 threads, 1 processors
Load average: 1.30, Mach factor: 0.43
/bin/machine           = unknown
/usr/bin/oslevel       = unknown
/bin/universe          = unknown

PATH: ~/Simples/Produtos/buildout.development/bin
PATH: ~/Desenvolvimento/google_appengine
PATH: /Developer/usr/bin/
PATH: /opt/local/bin
PATH: /opt/local/sbin
PATH: ~/bin/
PATH: ~/bin/scripts
PATH: /usr/bin
PATH: /bin
PATH: /usr/sbin
PATH: /sbin
PATH: /usr/local/bin
PATH: /usr/X11/bin
PATH: /usr/local/git/bin


## ----------- ##
## Core tests. ##
## ----------- ##

preflight:2112: checking for gcc
preflight:2128: found /usr/bin/gcc
preflight:2139: result: gcc
preflight:2368: checking for C compiler version
preflight:2377: gcc --version >&5
i686-apple-darwin11-llvm-gcc-4.2 (GCC) 4.2.1 (Based on Apple Inc. build 5658) (LLVM build 2336.9.00)
Copyright (C) 2007 Free Software Foundation, Inc.
This is free software; see the source for copying conditions.  There is NO
warranty; not even for MERCHANTABILITY or FITNESS FOR A PARTICULAR PURPOSE.

preflight:2388: $? = 0
preflight:2377: gcc -v >&5
Using built-in specs.
Target: i686-apple-darwin11
Configured with: /private/var/tmp/llvmgcc42/llvmgcc42-2336.9~22/src/configure --disable-checking --enable-werror --prefix=/Applications/Xcode.app/Contents/Developer/usr/llvm-gcc-4.2 --mandir=/share/man --enable-languages=c,objc,c++,obj-c++ --program-prefix=llvm- --program-transform-name=/^[cg][^.-]*$/s/$/-4.2/ --with-slibdir=/usr/lib --build=i686-apple-darwin11 --enable-llvm=/private/var/tmp/llvmgcc42/llvmgcc42-2336.9~22/dst-llvmCore/Developer/usr/local --program-prefix=i686-apple-darwin11- --host=x86_64-apple-darwin11 --target=i686-apple-darwin11 --with-gxx-include-dir=/usr/include/c++/4.2.1
Thread model: posix
gcc version 4.2.1 (Based on Apple Inc. build 5658) (LLVM build 2336.9.00)
preflight:2388: $? = 0
preflight:2377: gcc -V >&5
llvm-gcc-4.2: argument to `-V' is missing
preflight:2388: $? = 1
preflight:2377: gcc -qversion >&5
i686-apple-darwin11-llvm-gcc-4.2: no input files
preflight:2388: $? = 1
preflight:2408: checking whether the C compiler works
preflight:2430: gcc -arch x86_64  -arch x86_64 conftest.c  >&5
preflight:2434: $? = 0
preflight:2482: result: yes
preflight:2485: checking for C compiler default output file name
preflight:2487: result: a.out
preflight:2493: checking for suffix of executables
preflight:2500: gcc -o conftest -arch x86_64  -arch x86_64 conftest.c  >&5
preflight:2504: $? = 0
preflight:2526: result: 
preflight:2548: checking whether we are cross compiling
preflight:2556: gcc -o conftest -arch x86_64  -arch x86_64 conftest.c  >&5
preflight:2560: $? = 0
preflight:2567: ./conftest
preflight:2571: $? = 0
preflight:2586: result: no
preflight:2591: checking for suffix of object files
preflight:2613: gcc -c -arch x86_64  conftest.c >&5
preflight:2617: $? = 0
preflight:2638: result: o
preflight:2642: checking whether we are using the GNU C compiler
preflight:2661: gcc -c -arch x86_64  conftest.c >&5
preflight:2661: $? = 0
preflight:2670: result: yes
preflight:2679: checking whether gcc accepts -g
preflight:2699: gcc -c -g  conftest.c >&5
preflight:2699: $? = 0
preflight:2740: result: yes
preflight:2757: checking for gcc option to accept ISO C89
preflight:2821: gcc  -c -arch x86_64  conftest.c >&5
preflight:2821: $? = 0
preflight:2834: result: none needed
preflight:2859: checking how to run the C preprocessor
preflight:2890: gcc -E  conftest.c
preflight:2890: $? = 0
preflight:2904: gcc -E  conftest.c
conftest.c:9:28: error: ac_nonexistent.h: No such file or directory
preflight:2904: $? = 1
preflight: failed program was:
| /* confdefs.h */
| #define PACKAGE_NAME "FULL-PACKAGE-NAME"
| #define PACKAGE_TARNAME "full-package-name"
| #define PACKAGE_VERSION "VERSION"
| #define PACKAGE_STRING "FULL-PACKAGE-NAME VERSION"
| #define PACKAGE_BUGREPORT "BUG-REPORT-ADDRESS"
| #define PACKAGE_URL ""
| /* end confdefs.h.  */
| #include <ac_nonexistent.h>
preflight:2929: result: gcc -E
preflight:2949: gcc -E  conftest.c
preflight:2949: $? = 0
preflight:2963: gcc -E  conftest.c
conftest.c:9:28: error: ac_nonexistent.h: No such file or directory
preflight:2963: $? = 1
preflight: failed program was:
| /* confdefs.h */
| #define PACKAGE_NAME "FULL-PACKAGE-NAME"
| #define PACKAGE_TARNAME "full-package-name"
| #define PACKAGE_VERSION "VERSION"
| #define PACKAGE_STRING "FULL-PACKAGE-NAME VERSION"
| #define PACKAGE_BUGREPORT "BUG-REPORT-ADDRESS"
| #define PACKAGE_URL ""
| /* end confdefs.h.  */
| #include <ac_nonexistent.h>
preflight:3049: checking for g++
preflight:3065: found /usr/bin/g++
preflight:3076: result: g++
preflight:3103: checking for C++ compiler version
preflight:3112: g++ --version >&5
i686-apple-darwin11-llvm-g++-4.2 (GCC) 4.2.1 (Based on Apple Inc. build 5658) (LLVM build 2336.9.00)
Copyright (C) 2007 Free Software Foundation, Inc.
This is free software; see the source for copying conditions.  There is NO
warranty; not even for MERCHANTABILITY or FITNESS FOR A PARTICULAR PURPOSE.

preflight:3123: $? = 0
preflight:3112: g++ -v >&5
Using built-in specs.
Target: i686-apple-darwin11
Configured with: /private/var/tmp/llvmgcc42/llvmgcc42-2336.9~22/src/configure --disable-checking --enable-werror --prefix=/Applications/Xcode.app/Contents/Developer/usr/llvm-gcc-4.2 --mandir=/share/man --enable-languages=c,objc,c++,obj-c++ --program-prefix=llvm- --program-transform-name=/^[cg][^.-]*$/s/$/-4.2/ --with-slibdir=/usr/lib --build=i686-apple-darwin11 --enable-llvm=/private/var/tmp/llvmgcc42/llvmgcc42-2336.9~22/dst-llvmCore/Developer/usr/local --program-prefix=i686-apple-darwin11- --host=x86_64-apple-darwin11 --target=i686-apple-darwin11 --with-gxx-include-dir=/usr/include/c++/4.2.1
Thread model: posix
gcc version 4.2.1 (Based on Apple Inc. build 5658) (LLVM build 2336.9.00)
preflight:3123: $? = 0
preflight:3112: g++ -V >&5
llvm-g++-4.2: argument to `-V' is missing
preflight:3123: $? = 1
preflight:3112: g++ -qversion >&5
i686-apple-darwin11-llvm-g++-4.2: no input files
preflight:3123: $? = 1
preflight:3127: checking whether we are using the GNU C++ compiler
preflight:3146: g++ -c -arch x86_64  conftest.cpp >&5
preflight:3146: $? = 0
preflight:3155: result: yes
preflight:3164: checking whether g++ accepts -g
preflight:3184: g++ -c -g  conftest.cpp >&5
preflight:3184: $? = 0
preflight:3225: result: yes
preflight:3251: checking for bunzip2
preflight:3267: found /usr/bin/bunzip2
preflight:3278: result: yes
preflight:3288: checking for tar
preflight:3304: found /usr/bin/tar
preflight:3315: result: yes
preflight:3325: checking for gunzip
preflight:3341: found /usr/bin/gunzip
preflight:3352: result: yes
preflight:3362: checking for make
preflight:3378: found /usr/bin/make
preflight:3389: result: yes
preflight:3399: checking for patch
preflight:3415: found /usr/bin/patch
preflight:3426: result: yes
preflight:3437: checking for xml2-config
preflight:3455: found /usr/bin/xml2-config
preflight:3467: result: /usr/bin/xml2-config
preflight:3477: checking for xslt-config
preflight:3495: found /usr/bin/xslt-config
preflight:3507: result: /usr/bin/xslt-config
preflight:3520: checking for grep that handles long lines and -e
preflight:3578: result: /usr/bin/grep
preflight:3583: checking for egrep
preflight:3645: result: /usr/bin/grep -E
preflight:3650: checking for ANSI C header files
preflight:3670: gcc -c -arch x86_64  conftest.c >&5
preflight:3670: $? = 0
preflight:3743: gcc -o conftest -arch x86_64  -arch x86_64 conftest.c  >&5
preflight:3743: $? = 0
preflight:3743: ./conftest
preflight:3743: $? = 0
preflight:3754: result: yes
preflight:3767: checking for sys/types.h
preflight:3767: gcc -c -arch x86_64  conftest.c >&5
preflight:3767: $? = 0
preflight:3767: result: yes
preflight:3767: checking for sys/stat.h
preflight:3767: gcc -c -arch x86_64  conftest.c >&5
preflight:3767: $? = 0
preflight:3767: result: yes
preflight:3767: checking for stdlib.h
preflight:3767: gcc -c -arch x86_64  conftest.c >&5
preflight:3767: $? = 0
preflight:3767: result: yes
preflight:3767: checking for string.h
preflight:3767: gcc -c -arch x86_64  conftest.c >&5
preflight:3767: $? = 0
preflight:3767: result: yes
preflight:3767: checking for memory.h
preflight:3767: gcc -c -arch x86_64  conftest.c >&5
preflight:3767: $? = 0
preflight:3767: result: yes
preflight:3767: checking for strings.h
preflight:3767: gcc -c -arch x86_64  conftest.c >&5
preflight:3767: $? = 0
preflight:3767: result: yes
preflight:3767: checking for inttypes.h
preflight:3767: gcc -c -arch x86_64  conftest.c >&5
preflight:3767: $? = 0
preflight:3767: result: yes
preflight:3767: checking for stdint.h
preflight:3767: gcc -c -arch x86_64  conftest.c >&5
preflight:3767: $? = 0
preflight:3767: result: yes
preflight:3767: checking for unistd.h
preflight:3767: gcc -c -arch x86_64  conftest.c >&5
preflight:3767: $? = 0
preflight:3767: result: yes
preflight:3779: checking openssl/ssl.h usability
preflight:3779: gcc -c -arch x86_64  conftest.c >&5
preflight:3779: $? = 0
preflight:3779: result: yes
preflight:3779: checking openssl/ssl.h presence
preflight:3779: gcc -E  conftest.c
preflight:3779: $? = 0
preflight:3779: result: yes
preflight:3779: checking for openssl/ssl.h
preflight:3779: result: yes
preflight:3792: checking for main in -lreadline
preflight:3811: gcc -o conftest -arch x86_64  -arch x86_64 conftest.c -lreadline   >&5
preflight:3811: $? = 0
preflight:3820: result: yes
preflight:3823: checking readline/readline.h usability
preflight:3823: gcc -c -arch x86_64  conftest.c >&5
preflight:3823: $? = 0
preflight:3823: result: yes
preflight:3823: checking readline/readline.h presence
preflight:3823: gcc -E  conftest.c
preflight:3823: $? = 0
preflight:3823: result: yes
preflight:3823: checking for readline/readline.h
preflight:3823: result: yes
preflight:3835: checking for gzread in -lz
preflight:3860: gcc -o conftest -arch x86_64  -arch x86_64 conftest.c -lz   >&5
preflight:3860: $? = 0
preflight:3869: result: yes
preflight:3872: checking zlib.h usability
preflight:3872: gcc -c -arch x86_64  conftest.c >&5
preflight:3872: $? = 0
preflight:3872: result: yes
preflight:3872: checking zlib.h presence
preflight:3872: gcc -E  conftest.c
preflight:3872: $? = 0
preflight:3872: result: yes
preflight:3872: checking for zlib.h
preflight:3872: result: yes
preflight:3884: checking for jpeg_read_header in -ljpeg
preflight:3909: gcc -o conftest -arch x86_64  -arch x86_64 conftest.c -ljpeg   >&5
ld: library not found for -ljpeg
collect2: ld returned 1 exit status
preflight:3909: $? = 1
preflight: failed program was:
| /* confdefs.h */
| #define PACKAGE_NAME "FULL-PACKAGE-NAME"
| #define PACKAGE_TARNAME "full-package-name"
| #define PACKAGE_VERSION "VERSION"
| #define PACKAGE_STRING "FULL-PACKAGE-NAME VERSION"
| #define PACKAGE_BUGREPORT "BUG-REPORT-ADDRESS"
| #define PACKAGE_URL ""
| #define STDC_HEADERS 1
| #define HAVE_SYS_TYPES_H 1
| #define HAVE_SYS_STAT_H 1
| #define HAVE_STDLIB_H 1
| #define HAVE_STRING_H 1
| #define HAVE_MEMORY_H 1
| #define HAVE_STRINGS_H 1
| #define HAVE_INTTYPES_H 1
| #define HAVE_STDINT_H 1
| #define HAVE_UNISTD_H 1
| /* end confdefs.h.  */
| 
| /* Override any GCC internal prototype to avoid an error.
|    Use char because int might match the return type of a GCC
|    builtin and then its argument prototype would still apply.  */
| #ifdef __cplusplus
| extern "C"
| #endif
| char jpeg_read_header ();
| int
| main ()
| {
| return jpeg_read_header ();
|   ;
|   return 0;
| }
preflight:3918: result: no
preflight:3933: checking for SSL_accept in -lssl
preflight:3958: gcc -o conftest -arch x86_64  -arch x86_64 conftest.c -lssl   >&5
preflight:3958: $? = 0
preflight:3967: result: yes
preflight:3970: checking ssl.h usability
preflight:3970: gcc -c -arch x86_64  conftest.c >&5
conftest.c:52:17: error: ssl.h: No such file or directory
preflight:3970: $? = 1
preflight: failed program was:
| /* confdefs.h */
| #define PACKAGE_NAME "FULL-PACKAGE-NAME"
| #define PACKAGE_TARNAME "full-package-name"
| #define PACKAGE_VERSION "VERSION"
| #define PACKAGE_STRING "FULL-PACKAGE-NAME VERSION"
| #define PACKAGE_BUGREPORT "BUG-REPORT-ADDRESS"
| #define PACKAGE_URL ""
| #define STDC_HEADERS 1
| #define HAVE_SYS_TYPES_H 1
| #define HAVE_SYS_STAT_H 1
| #define HAVE_STDLIB_H 1
| #define HAVE_STRING_H 1
| #define HAVE_MEMORY_H 1
| #define HAVE_STRINGS_H 1
| #define HAVE_INTTYPES_H 1
| #define HAVE_STDINT_H 1
| #define HAVE_UNISTD_H 1
| /* end confdefs.h.  */
| #include <stdio.h>
| #ifdef HAVE_SYS_TYPES_H
| # include <sys/types.h>
| #endif
| #ifdef HAVE_SYS_STAT_H
| # include <sys/stat.h>
| #endif
| #ifdef STDC_HEADERS
| # include <stdlib.h>
| # include <stddef.h>
| #else
| # ifdef HAVE_STDLIB_H
| #  include <stdlib.h>
| # endif
| #endif
| #ifdef HAVE_STRING_H
| # if !defined STDC_HEADERS && defined HAVE_MEMORY_H
| #  include <memory.h>
| # endif
| # include <string.h>
| #endif
| #ifdef HAVE_STRINGS_H
| # include <strings.h>
| #endif
| #ifdef HAVE_INTTYPES_H
| # include <inttypes.h>
| #endif
| #ifdef HAVE_STDINT_H
| # include <stdint.h>
| #endif
| #ifdef HAVE_UNISTD_H
| # include <unistd.h>
| #endif
| #include <ssl.h>
preflight:3970: result: no
preflight:3970: checking ssl.h presence
preflight:3970: gcc -E  conftest.c
conftest.c:19:17: error: ssl.h: No such file or directory
preflight:3970: $? = 1
preflight: failed program was:
| /* confdefs.h */
| #define PACKAGE_NAME "FULL-PACKAGE-NAME"
| #define PACKAGE_TARNAME "full-package-name"
| #define PACKAGE_VERSION "VERSION"
| #define PACKAGE_STRING "FULL-PACKAGE-NAME VERSION"
| #define PACKAGE_BUGREPORT "BUG-REPORT-ADDRESS"
| #define PACKAGE_URL ""
| #define STDC_HEADERS 1
| #define HAVE_SYS_TYPES_H 1
| #define HAVE_SYS_STAT_H 1
| #define HAVE_STDLIB_H 1
| #define HAVE_STRING_H 1
| #define HAVE_MEMORY_H 1
| #define HAVE_STRINGS_H 1
| #define HAVE_INTTYPES_H 1
| #define HAVE_STDINT_H 1
| #define HAVE_UNISTD_H 1
| /* end confdefs.h.  */
| #include <ssl.h>
preflight:3970: result: no
preflight:3970: checking for ssl.h
preflight:3970: result: no
preflight:3977: checking for openssl/ssl.h
preflight:3977: result: yes
preflight:3988: checking for ssl2_accept in -lssl
preflight:4013: gcc -o conftest -arch x86_64  -arch x86_64 conftest.c -lssl   >&5
preflight:4013: $? = 0
preflight:4022: result: yes
preflight:4185: creating ./config.status

## ---------------------- ##
## Running config.status. ##
## ---------------------- ##

This file was extended by FULL-PACKAGE-NAME config.status VERSION, which was
generated by GNU Autoconf 2.68.  Invocation command line was

  CONFIG_FILES    = 
  CONFIG_HEADERS  = 
  CONFIG_LINKS    = 
  CONFIG_COMMANDS = 
  $ ./config.status --quiet

on factory.local

config.status:751: creating buildenv.sh

## ---------------- ##
## Cache variables. ##
## ---------------- ##

ac_cv_c_compiler_gnu=yes
ac_cv_cxx_compiler_gnu=yes
ac_cv_env_CCC_set=
ac_cv_env_CCC_value=
ac_cv_env_CC_set=
ac_cv_env_CC_value=
ac_cv_env_CFLAGS_set=set
ac_cv_env_CFLAGS_value='-arch x86_64'
ac_cv_env_CPPFLAGS_set=
ac_cv_env_CPPFLAGS_value=
ac_cv_env_CPP_set=
ac_cv_env_CPP_value=
ac_cv_env_CXXFLAGS_set=set
ac_cv_env_CXXFLAGS_value='-arch x86_64'
ac_cv_env_CXX_set=
ac_cv_env_CXX_value=
ac_cv_env_LDFLAGS_set=set
ac_cv_env_LDFLAGS_value='-arch x86_64'
ac_cv_env_LIBS_set=
ac_cv_env_LIBS_value=
ac_cv_env_build_alias_set=
ac_cv_env_build_alias_value=
ac_cv_env_host_alias_set=
ac_cv_env_host_alias_value=
ac_cv_env_target_alias_set=
ac_cv_env_target_alias_value=
ac_cv_header_inttypes_h=yes
ac_cv_header_memory_h=yes
ac_cv_header_openssl_ssl_h=yes
ac_cv_header_readline_readline_h=yes
ac_cv_header_ssl_h=no
ac_cv_header_stdc=yes
ac_cv_header_stdint_h=yes
ac_cv_header_stdlib_h=yes
ac_cv_header_string_h=yes
ac_cv_header_strings_h=yes
ac_cv_header_sys_stat_h=yes
ac_cv_header_sys_types_h=yes
ac_cv_header_unistd_h=yes
ac_cv_header_zlib_h=yes
ac_cv_lib_jpeg_jpeg_read_header=no
ac_cv_lib_readline_main=yes
ac_cv_lib_ssl_SSL_accept=yes
ac_cv_lib_ssl_ssl2_accept=yes
ac_cv_lib_z_gzread=yes
ac_cv_objext=o
ac_cv_path_EGREP='/usr/bin/grep -E'
ac_cv_path_GREP=/usr/bin/grep
ac_cv_path_have_xml2_config=/usr/bin/xml2-config
ac_cv_path_have_xslt_config=/usr/bin/xslt-config
ac_cv_prog_CPP='gcc -E'
ac_cv_prog_ac_ct_CC=gcc
ac_cv_prog_ac_ct_CXX=g++
ac_cv_prog_cc_c89=
ac_cv_prog_cc_g=yes
ac_cv_prog_cxx_g=yes
ac_cv_prog_have_bunzip2=yes
ac_cv_prog_have_gunzip=yes
ac_cv_prog_have_make=yes
ac_cv_prog_have_patch=yes
ac_cv_prog_have_tar=yes

## ----------------- ##
## Output variables. ##
## ----------------- ##

CC='gcc'
CFLAGS='-arch x86_64'
CPP='gcc -E'
CPPFLAGS=''
CXX='g++'
CXXFLAGS='-arch x86_64'
DEFS='-DPACKAGE_NAME=\"FULL-PACKAGE-NAME\" -DPACKAGE_TARNAME=\"full-package-name\" -DPACKAGE_VERSION=\"VERSION\" -DPACKAGE_STRING=\"FULL-PACKAGE-NAME\ VERSION\" -DPACKAGE_BUGREPORT=\"BUG-REPORT-ADDRESS\" -DPACKAGE_URL=\"\" -DSTDC_HEADERS=1 -DHAVE_SYS_TYPES_H=1 -DHAVE_SYS_STAT_H=1 -DHAVE_STDLIB_H=1 -DHAVE_STRING_H=1 -DHAVE_MEMORY_H=1 -DHAVE_STRINGS_H=1 -DHAVE_INTTYPES_H=1 -DHAVE_STDINT_H=1 -DHAVE_UNISTD_H=1'
ECHO_C='\c'
ECHO_N=''
ECHO_T=''
EGREP='/usr/bin/grep -E'
EXEEXT=''
GREP='/usr/bin/grep'
LDFLAGS='-arch x86_64'
LIBOBJS=''
LIBS=''
LTLIBOBJS=''
OBJEXT='o'
PACKAGE_BUGREPORT='BUG-REPORT-ADDRESS'
PACKAGE_NAME='FULL-PACKAGE-NAME'
PACKAGE_STRING='FULL-PACKAGE-NAME VERSION'
PACKAGE_TARNAME='full-package-name'
PACKAGE_URL=''
PACKAGE_VERSION='VERSION'
PATH_SEPARATOR=':'
SHELL='/bin/sh'
ac_ct_CC='gcc'
ac_ct_CXX='g++'
bindir='${exec_prefix}/bin'
build_alias=''
datadir='${datarootdir}'
datarootdir='${prefix}/share'
docdir='${datarootdir}/doc/${PACKAGE_TARNAME}'
dvidir='${docdir}'
exec_prefix='${prefix}'
have_bunzip2='yes'
have_gunzip='yes'
have_libjpeg='no'
have_libz='yes'
have_make='yes'
have_patch='yes'
have_readline='yes'
have_ssl2='yes'
have_ssl='yes'
have_ssl_h='yes'
have_tar='yes'
have_xml2_config='/usr/bin/xml2-config'
have_xslt_config='/usr/bin/xslt-config'
host_alias=''
htmldir='${docdir}'
includedir='${prefix}/include'
infodir='${datarootdir}/info'
libdir='${exec_prefix}/lib'
libexecdir='${exec_prefix}/libexec'
localedir='${datarootdir}/locale'
localstatedir='${prefix}/var'
mandir='${datarootdir}/man'
oldincludedir='/usr/include'
pdfdir='${docdir}'
prefix='/usr/local'
program_transform_name='s,x,x,'
psdir='${docdir}'
sbindir='${exec_prefix}/sbin'
sharedstatedir='${prefix}/com'
sysconfdir='${prefix}/etc'
target_alias=''

## ----------- ##
## confdefs.h. ##
## ----------- ##

/* confdefs.h */
#define PACKAGE_NAME "FULL-PACKAGE-NAME"
#define PACKAGE_TARNAME "full-package-name"
#define PACKAGE_VERSION "VERSION"
#define PACKAGE_STRING "FULL-PACKAGE-NAME VERSION"
#define PACKAGE_BUGREPORT "BUG-REPORT-ADDRESS"
#define PACKAGE_URL ""
#define STDC_HEADERS 1
#define HAVE_SYS_TYPES_H 1
#define HAVE_SYS_STAT_H 1
#define HAVE_STDLIB_H 1
#define HAVE_STRING_H 1
#define HAVE_MEMORY_H 1
#define HAVE_STRINGS_H 1
#define HAVE_INTTYPES_H 1
#define HAVE_STDINT_H 1
#define HAVE_UNISTD_H 1

preflight: exit 0
